<?xml version="1.0" encoding="UTF-8"?>
<!-- Generated by org.testng.reporters.JUnitReportReporter -->
<testsuite skipped="0" hostname="DESKTOP-O544DRQ" name="com.playwright.test.InvokeBrowsers" tests="1" failures="0" timestamp="31 Dec 2022 16:42:00 GMT" time="18.515" errors="0">
  <testcase name="invokeBrowsers" time="18.515" classname="com.playwright.test.InvokeBrowsers"/>
</testsuite> <!-- com.playwright.test.InvokeBrowsers -->
