<?xml version="1.0" encoding="UTF-8"?>
<!-- Generated by org.testng.reporters.JUnitReportReporter -->
<testsuite skipped="0" hostname="DESKTOP-O544DRQ" name="com.qa.opencart.tests.HomePageTest" tests="5" failures="0" timestamp="2023-01-04T18:46:31 IST" time="61.553" errors="0">
  <testcase name="homePageTitleTest" time="6.242" classname="com.qa.opencart.tests.HomePageTest"/>
  <system-out/>
  <testcase name="homePageURLTest" time="7.234" classname="com.qa.opencart.tests.HomePageTest"/>
  <system-out/>
  <testcase name="searchProductTest" time="20.425" classname="com.qa.opencart.tests.HomePageTest"/>
  <system-out/>
  <testcase name="searchProductTest" time="14.525" classname="com.qa.opencart.tests.HomePageTest"/>
  <system-out/>
  <testcase name="searchProductTest" time="13.127" classname="com.qa.opencart.tests.HomePageTest"/>
  <system-out/>
</testsuite> <!-- com.qa.opencart.tests.HomePageTest -->
