<?xml version="1.0" encoding="UTF-8"?>
<!-- Generated by org.testng.reporters.JUnitReportReporter -->
<testsuite skipped="0" hostname="DESKTOP-O544DRQ" name="com.qa.opencart.tests.LoginPageTest" tests="2" failures="0" timestamp="2023-01-02T13:21:58 IST" time="9.089" errors="0">
  <testcase name="loginTest" time="4.921" classname="com.qa.opencart.tests.LoginPageTest"/>
  <system-out/>
  <testcase name="forgotPasswordLinkDisplayedTest" time="4.168" classname="com.qa.opencart.tests.LoginPageTest"/>
  <system-out/>
</testsuite> <!-- com.qa.opencart.tests.LoginPageTest -->
